Using pre-set license
Built from '2020.3/release' branch; Version is '2020.3.7f1 (dd97f2c94397) revision 14522354'; Using compiler version '192528614'; Build Type 'Release'
OS: 'Windows 10 Home; OS build 19044.1586; Version 2009; 64bit' Language: 'en' Physical Memory: 16023 MB
BatchMode: 1, IsHumanControllingUs: 0, StartBugReporterOnCrash: 0, Is64bit: 1, IsPro: 0

 COMMAND LINE ARGUMENTS:
C:\Program Files\Unity\Hub\Editor\2020.3.7f1\Editor\Unity.exe
-adb2
-batchMode
-noUpm
-name
AssetImportWorker0
-projectPath
C:/Users/jayde/OneDrive/Documents/GitHub/gpd-gpd-5/CISC 226
-logFile
Logs/AssetImportWorker0.log
-srvPort
56523
Successfully changed project path to: C:/Users/jayde/OneDrive/Documents/GitHub/gpd-gpd-5/CISC 226
C:/Users/jayde/OneDrive/Documents/GitHub/gpd-gpd-5/CISC 226
Using Asset Import Pipeline V2.
Refreshing native plugins compatible for Editor in 51.37 ms, found 1 plugins.
Preloading 0 native plugins for Editor in 0.00 ms.
Initialize engine version: 2020.3.7f1 (dd97f2c94397)
[Subsystems] Discovering subsystems at path C:/Program Files/Unity/Hub/Editor/2020.3.7f1/Editor/Data/Resources/UnitySubsystems
[Subsystems] Discovering subsystems at path C:/Users/jayde/OneDrive/Documents/GitHub/gpd-gpd-5/CISC 226/Assets
GfxDevice: creating device client; threaded=0
Direct3D:
    Version:  Direct3D 11.0 [level 11.1]
    Renderer: Intel(R) Iris(R) Xe Graphics (ID=0x9a49)
    Vendor:   
    VRAM:     8011 MB
    Driver:   30.0.100.9805
Initialize mono
Mono path[0] = 'C:/Program Files/Unity/Hub/Editor/2020.3.7f1/Editor/Data/Managed'
Mono path[1] = 'C:/Program Files/Unity/Hub/Editor/2020.3.7f1/Editor/Data/MonoBleedingEdge/lib/mono/unityjit'
Mono config path = 'C:/Program Files/Unity/Hub/Editor/2020.3.7f1/Editor/Data/MonoBleedingEdge/etc'
Using monoOptions --debugger-agent=transport=dt_socket,embedding=1,server=y,suspend=n,address=127.0.0.1:56324
Begin MonoManager ReloadAssembly
Registering precompiled unity dll's ...
Register platform support module: C:/Program Files/Unity/Hub/Editor/2020.3.7f1/Editor/Data/PlaybackEngines/WindowsStandaloneSupport/UnityEditor.WindowsStandalone.Extensions.dll
Registered in 0.003855 seconds.
Native extension for WindowsStandalone target not found
Refreshing native plugins compatible for Editor in 48.14 ms, found 1 plugins.
Preloading 0 native plugins for Editor in 0.00 ms.
Mono: successfully reloaded assembly
- Completed reload, in  1.551 seconds
Platform modules already initialized, skipping
Registering precompiled user dll's ...
Registered in 0.001472 seconds.
Begin MonoManager ReloadAssembly
Native extension for WindowsStandalone target not found
Refreshing native plugins compatible for Editor in 52.02 ms, found 1 plugins.
Preloading 0 native plugins for Editor in 0.00 ms.
Mono: successfully reloaded assembly
- Completed reload, in  1.961 seconds
Platform modules already initialized, skipping
========================================================================
Worker process is ready to serve import requests
Launched and connected shader compiler UnityShaderCompiler.exe after 0.05 seconds
Refreshing native plugins compatible for Editor in 1.53 ms, found 1 plugins.
Preloading 0 native plugins for Editor in 0.00 ms.
Unloading 1899 Unused Serialized files (Serialized files now loaded: 0)
System memory in use before: 87.4 MB.
System memory in use after: 87.3 MB.

Unloading 24 unused Assets to reduce memory usage. Loaded Objects now: 2343.
Total: 2.197800 ms (FindLiveObjects: 0.173400 ms CreateObjectMapping: 0.042200 ms MarkObjects: 1.743600 ms  DeleteObjects: 0.237100 ms)

========================================================================
Received Import Request.
  path: Assets/Scripts/Rhythm Scipts/GameManager.cs
  artifactKey: Guid(9bf945d82bdd67f409a474eb32e29bcf) Importer(815301076,1909f56bfc062723c751e8b465ee728b)
Start importing Assets/Scripts/Rhythm Scipts/GameManager.cs using Guid(9bf945d82bdd67f409a474eb32e29bcf) Importer(815301076,1909f56bfc062723c751e8b465ee728b)  -> (artifact id: 'faece0d77cfe1937e43395141147bda9') in 0.050283 seconds
  Import took 0.056240 seconds .

========================================================================
Received Prepare
Refreshing native plugins compatible for Editor in 4.86 ms, found 1 plugins.
Preloading 0 native plugins for Editor in 0.00 ms.
Unloading 10 Unused Serialized files (Serialized files now loaded: 0)
System memory in use before: 49.9 MB.
System memory in use after: 49.9 MB.

Unloading 10 unused Assets to reduce memory usage. Loaded Objects now: 2343.
Total: 1.950200 ms (FindLiveObjects: 0.157400 ms CreateObjectMapping: 0.041000 ms MarkObjects: 1.590600 ms  DeleteObjects: 0.159500 ms)

========================================================================
Received Import Request.
  Time since last request: 19.422325 seconds.
  path: Assets/Scripts/Rhythm Scipts/MiniFinalNoteObject.cs
  artifactKey: Guid(1f53cbca06b3f2d47ba4d6e9f300a71e) Importer(815301076,1909f56bfc062723c751e8b465ee728b)
Start importing Assets/Scripts/Rhythm Scipts/MiniFinalNoteObject.cs using Guid(1f53cbca06b3f2d47ba4d6e9f300a71e) Importer(815301076,1909f56bfc062723c751e8b465ee728b)  -> (artifact id: 'b2eb3c0a4568a4c5a81c9f89a05a2321') in 0.010605 seconds
  Import took 0.015657 seconds .

========================================================================
Received Import Request.
  Time since last request: 0.000865 seconds.
  path: Assets/Scripts/Rhythm Scipts/MiniFinalNoteObject.cs
  artifactKey: Guid(1f53cbca06b3f2d47ba4d6e9f300a71e) Importer(815301076,1909f56bfc062723c751e8b465ee728b)
Start importing Assets/Scripts/Rhythm Scipts/MiniFinalNoteObject.cs using Guid(1f53cbca06b3f2d47ba4d6e9f300a71e) Importer(815301076,1909f56bfc062723c751e8b465ee728b)  -> (artifact id: 'b2eb3c0a4568a4c5a81c9f89a05a2321') in 0.003895 seconds
  Import took 0.009441 seconds .

========================================================================
Received Prepare
Registering precompiled user dll's ...
Registered in 0.014122 seconds.
Begin MonoManager ReloadAssembly
Native extension for WindowsStandalone target not found
Refreshing native plugins compatible for Editor in 0.58 ms, found 1 plugins.
Preloading 0 native plugins for Editor in 0.00 ms.
Mono: successfully reloaded assembly
- Completed reload, in  2.187 seconds
Platform modules already initialized, skipping
Refreshing native plugins compatible for Editor in 0.73 ms, found 1 plugins.
Preloading 0 native plugins for Editor in 0.00 ms.
Unloading 1894 Unused Serialized files (Serialized files now loaded: 0)
System memory in use before: 87.3 MB.
System memory in use after: 87.3 MB.

Unloading 12 unused Assets to reduce memory usage. Loaded Objects now: 2347.
Total: 3.346600 ms (FindLiveObjects: 0.336000 ms CreateObjectMapping: 0.099100 ms MarkObjects: 2.730100 ms  DeleteObjects: 0.179400 ms)

========================================================================
Received Prepare
Registering precompiled user dll's ...
Registered in 0.004495 seconds.
Begin MonoManager ReloadAssembly
Native extension for WindowsStandalone target not found
Refreshing native plugins compatible for Editor in 0.39 ms, found 1 plugins.
Preloading 0 native plugins for Editor in 0.00 ms.
Mono: successfully reloaded assembly
- Completed reload, in  1.100 seconds
Platform modules already initialized, skipping
Refreshing native plugins compatible for Editor in 0.35 ms, found 1 plugins.
Preloading 0 native plugins for Editor in 0.00 ms.
Unloading 1894 Unused Serialized files (Serialized files now loaded: 0)
System memory in use before: 87.4 MB.
System memory in use after: 87.3 MB.

Unloading 12 unused Assets to reduce memory usage. Loaded Objects now: 2351.
Total: 1.893900 ms (FindLiveObjects: 0.154000 ms CreateObjectMapping: 0.032400 ms MarkObjects: 1.592500 ms  DeleteObjects: 0.113800 ms)

========================================================================
Received Import Request.
  Time since last request: 896.057341 seconds.
  path: Assets/Scenes/Library Level Rhythm.unity
  artifactKey: Guid(32f663f4d642e7344853ae454317b4fb) Importer(815301076,1909f56bfc062723c751e8b465ee728b)
Start importing Assets/Scenes/Library Level Rhythm.unity using Guid(32f663f4d642e7344853ae454317b4fb) Importer(815301076,1909f56bfc062723c751e8b465ee728b)  -> (artifact id: '634d95668d4f7e88b5e01502e96ba409') in 0.020189 seconds
  Import took 0.024719 seconds .

========================================================================
Received Import Request.
  Time since last request: 6.013064 seconds.
  path: Assets/Sprites/Dollhouse Sprites/bookshelf.png
  artifactKey: Guid(e80a44009e46cb840afc3c03e432805b) Importer(815301076,1909f56bfc062723c751e8b465ee728b)
Start importing Assets/Sprites/Dollhouse Sprites/bookshelf.png using Guid(e80a44009e46cb840afc3c03e432805b) Importer(815301076,1909f56bfc062723c751e8b465ee728b)  -> (artifact id: '69e5c630207a940fefff2ba34bdf15bb') in 0.148229 seconds
  Import took 0.152529 seconds .

========================================================================
Received Import Request.
  Time since last request: 0.000389 seconds.
  path: Assets/Sprites/Dollhouse Sprites/heart.png
  artifactKey: Guid(22316144b5898e84e9208ae775cdf52b) Importer(815301076,1909f56bfc062723c751e8b465ee728b)
Start importing Assets/Sprites/Dollhouse Sprites/heart.png using Guid(22316144b5898e84e9208ae775cdf52b) Importer(815301076,1909f56bfc062723c751e8b465ee728b)  -> (artifact id: 'cd3135b57a25ad544c702e6974c12d6a') in 0.018194 seconds
  Import took 0.022358 seconds .

========================================================================
Received Import Request.
  Time since last request: 0.000351 seconds.
  path: Assets/Sprites/Dollhouse Sprites/tearecipe.png
  artifactKey: Guid(79c5c4070a2c4284e96e1794fd9085f0) Importer(815301076,1909f56bfc062723c751e8b465ee728b)
Start importing Assets/Sprites/Dollhouse Sprites/tearecipe.png using Guid(79c5c4070a2c4284e96e1794fd9085f0) Importer(815301076,1909f56bfc062723c751e8b465ee728b)  -> (artifact id: 'bde1e1873cf122eebf547fadf2105551') in 0.019506 seconds
  Import took 0.023492 seconds .

========================================================================
Received Import Request.
  Time since last request: 0.000253 seconds.
  path: Assets/Sprites/Dollhouse Sprites/cold_kazoo.png
  artifactKey: Guid(f9667e69473103242a86514d665d9b95) Importer(815301076,1909f56bfc062723c751e8b465ee728b)
Start importing Assets/Sprites/Dollhouse Sprites/cold_kazoo.png using Guid(f9667e69473103242a86514d665d9b95) Importer(815301076,1909f56bfc062723c751e8b465ee728b)  -> (artifact id: 'b411a201ad51460242a55a71365913cd') in 0.014835 seconds
  Import took 0.018206 seconds .

========================================================================
Received Import Request.
  Time since last request: 0.000241 seconds.
  path: Assets/Sprites/Dollhouse Sprites/dollhouse.png
  artifactKey: Guid(7a9b8dab20da75e499d6050c7fb8d968) Importer(815301076,1909f56bfc062723c751e8b465ee728b)
Start importing Assets/Sprites/Dollhouse Sprites/dollhouse.png using Guid(7a9b8dab20da75e499d6050c7fb8d968) Importer(815301076,1909f56bfc062723c751e8b465ee728b)  -> (artifact id: 'fb7b1aecf0edba65f8c03c88a8e98ba0') in 0.017232 seconds
  Import took 0.020602 seconds .

========================================================================
Received Import Request.
  Time since last request: 0.000282 seconds.
  path: Assets/Sprites/Dollhouse Sprites/emptycup.png
  artifactKey: Guid(d9962726a65e696488f7d1834a86c69f) Importer(815301076,1909f56bfc062723c751e8b465ee728b)
Start importing Assets/Sprites/Dollhouse Sprites/emptycup.png using Guid(d9962726a65e696488f7d1834a86c69f) Importer(815301076,1909f56bfc062723c751e8b465ee728b)  -> (artifact id: '7b3446a79beea7d270a8d19ead71b357') in 0.016248 seconds
  Import took 0.019637 seconds .

========================================================================
Received Import Request.
  Time since last request: 0.000248 seconds.
  path: Assets/Sprites/Dollhouse Sprites/opensafe.png
  artifactKey: Guid(d094cc3972df60b4f8909875485acd6a) Importer(815301076,1909f56bfc062723c751e8b465ee728b)
Start importing Assets/Sprites/Dollhouse Sprites/opensafe.png using Guid(d094cc3972df60b4f8909875485acd6a) Importer(815301076,1909f56bfc062723c751e8b465ee728b)  -> (artifact id: 'f03398e5256097f4a761041a148d20c5') in 0.014075 seconds
  Import took 0.017979 seconds .

========================================================================
Received Import Request.
  Time since last request: 0.000229 seconds.
  path: Assets/Sprites/Dollhouse Sprites/teapot.png
  artifactKey: Guid(354160ff228985c4195c61075173fb7e) Importer(815301076,1909f56bfc062723c751e8b465ee728b)
Start importing Assets/Sprites/Dollhouse Sprites/teapot.png using Guid(354160ff228985c4195c61075173fb7e) Importer(815301076,1909f56bfc062723c751e8b465ee728b)  -> (artifact id: '4fa2284ea408950ad221b0d761de7d5f') in 0.017564 seconds
  Import took 0.021704 seconds .

========================================================================
Received Import Request.
  Time since last request: 0.000236 seconds.
  path: Assets/Sprites/Dollhouse Sprites/wallpaper.png
  artifactKey: Guid(e65e40f6f586eaf47b69fcb3154ebe38) Importer(815301076,1909f56bfc062723c751e8b465ee728b)
Start importing Assets/Sprites/Dollhouse Sprites/wallpaper.png using Guid(e65e40f6f586eaf47b69fcb3154ebe38) Importer(815301076,1909f56bfc062723c751e8b465ee728b)  -> (artifact id: '6058c7dd98d3f0774932a9bff18718da') in 0.027889 seconds
  Import took 0.032253 seconds .

========================================================================
Received Import Request.
  Time since last request: 0.000345 seconds.
  path: Assets/Sprites/Dollhouse Sprites/teddybear.png
  artifactKey: Guid(9a8a9f2f51eb8fe4abdcea45bf983b47) Importer(815301076,1909f56bfc062723c751e8b465ee728b)
Start importing Assets/Sprites/Dollhouse Sprites/teddybear.png using Guid(9a8a9f2f51eb8fe4abdcea45bf983b47) Importer(815301076,1909f56bfc062723c751e8b465ee728b)  -> (artifact id: 'e4416e554c227722f826a4c7d2094caf') in 0.015279 seconds
  Import took 0.018664 seconds .

========================================================================
Received Import Request.
  Time since last request: 0.000319 seconds.
  path: Assets/Sprites/Dollhouse Sprites/knife.png
  artifactKey: Guid(a8af07c1dc2fbf844bc921b647e171d7) Importer(815301076,1909f56bfc062723c751e8b465ee728b)
Start importing Assets/Sprites/Dollhouse Sprites/knife.png using Guid(a8af07c1dc2fbf844bc921b647e171d7) Importer(815301076,1909f56bfc062723c751e8b465ee728b)  -> (artifact id: 'e6f1cbe16bdfc737ef84b98b31757ae3') in 0.013947 seconds
  Import took 0.017436 seconds .

========================================================================
Received Import Request.
  Time since last request: 0.000269 seconds.
  path: Assets/Sprites/Dollhouse Sprites/brain.png
  artifactKey: Guid(8f42e58475bdd90459caff3abfc622c4) Importer(815301076,1909f56bfc062723c751e8b465ee728b)
Start importing Assets/Sprites/Dollhouse Sprites/brain.png using Guid(8f42e58475bdd90459caff3abfc622c4) Importer(815301076,1909f56bfc062723c751e8b465ee728b)  -> (artifact id: '1b12d9289498481f255b5758be8d4129') in 0.013863 seconds
  Import took 0.017352 seconds .

========================================================================
Received Import Request.
  Time since last request: 0.000228 seconds.
  path: Assets/Sprites/Dollhouse Sprites/clue.png
  artifactKey: Guid(72a84fa09d963364a9d2b98374424c73) Importer(815301076,1909f56bfc062723c751e8b465ee728b)
Start importing Assets/Sprites/Dollhouse Sprites/clue.png using Guid(72a84fa09d963364a9d2b98374424c73) Importer(815301076,1909f56bfc062723c751e8b465ee728b)  -> (artifact id: '1a1d64e3d47d88c13655a5a23adf1142') in 0.015465 seconds
  Import took 0.019396 seconds .

========================================================================
Received Import Request.
  Time since last request: 0.000372 seconds.
  path: Assets/Sprites/Dollhouse Sprites/dollgirl.png
  artifactKey: Guid(c256a2c412b2d0944a62db5966a31646) Importer(815301076,1909f56bfc062723c751e8b465ee728b)
Start importing Assets/Sprites/Dollhouse Sprites/dollgirl.png using Guid(c256a2c412b2d0944a62db5966a31646) Importer(815301076,1909f56bfc062723c751e8b465ee728b)  -> (artifact id: '4209c4cfc3f6b724ee825faf925a6016') in 0.019051 seconds
  Import took 0.022681 seconds .

========================================================================
Received Import Request.
  Time since last request: 0.000202 seconds.
  path: Assets/Sprites/Dollhouse Sprites/deddybear.png
  artifactKey: Guid(3b5e579779ca7644cac50d558b0666dc) Importer(815301076,1909f56bfc062723c751e8b465ee728b)
Start importing Assets/Sprites/Dollhouse Sprites/deddybear.png using Guid(3b5e579779ca7644cac50d558b0666dc) Importer(815301076,1909f56bfc062723c751e8b465ee728b)  -> (artifact id: '7708e1758cd0ff26a491c470fbea6c84') in 0.016523 seconds
  Import took 0.019871 seconds .

========================================================================
Received Import Request.
  Time since last request: 0.000303 seconds.
  path: Assets/Sprites/Dollhouse Sprites/dolleye.png
  artifactKey: Guid(786384a7bed73214d984f774b7132a60) Importer(815301076,1909f56bfc062723c751e8b465ee728b)
Start importing Assets/Sprites/Dollhouse Sprites/dolleye.png using Guid(786384a7bed73214d984f774b7132a60) Importer(815301076,1909f56bfc062723c751e8b465ee728b)  -> (artifact id: 'c244d45eaa33d7a589b7e426bdd9ebdf') in 0.017201 seconds
  Import took 0.020478 seconds .

========================================================================
Received Import Request.
  Time since last request: 0.000324 seconds.
  path: Assets/Sprites/Dollhouse Sprites/post-it_note.png
  artifactKey: Guid(0448092c74260394caf87eb8c9ff0b70) Importer(815301076,1909f56bfc062723c751e8b465ee728b)
Start importing Assets/Sprites/Dollhouse Sprites/post-it_note.png using Guid(0448092c74260394caf87eb8c9ff0b70) Importer(815301076,1909f56bfc062723c751e8b465ee728b)  -> (artifact id: 'a06d7dbdf500702e49ed4e9c3d44e352') in 0.013224 seconds
  Import took 0.016927 seconds .

========================================================================
Received Import Request.
  Time since last request: 0.000283 seconds.
  path: Assets/Sprites/Dollhouse Sprites/closedsafe.png
  artifactKey: Guid(7631d6cb3488bb7459f68d5f70f675c1) Importer(815301076,1909f56bfc062723c751e8b465ee728b)
Start importing Assets/Sprites/Dollhouse Sprites/closedsafe.png using Guid(7631d6cb3488bb7459f68d5f70f675c1) Importer(815301076,1909f56bfc062723c751e8b465ee728b)  -> (artifact id: '1536e03b0f424b52df3d61aa8767231a') in 0.014823 seconds
  Import took 0.018113 seconds .

========================================================================
Received Import Request.
  Time since last request: 0.000420 seconds.
  path: Assets/Sprites/Dollhouse Sprites/table.png
  artifactKey: Guid(01077738d503ee940b9c6cdfda2bf90e) Importer(815301076,1909f56bfc062723c751e8b465ee728b)
Start importing Assets/Sprites/Dollhouse Sprites/table.png using Guid(01077738d503ee940b9c6cdfda2bf90e) Importer(815301076,1909f56bfc062723c751e8b465ee728b)  -> (artifact id: 'f856bec0564c71e64d9ba3857777a601') in 0.014931 seconds
  Import took 0.018500 seconds .

========================================================================
Received Import Request.
  Time since last request: 0.000236 seconds.
  path: Assets/Sprites/Dollhouse Sprites/decor.png
  artifactKey: Guid(05c98e4994067d04887f904beb2e3d95) Importer(815301076,1909f56bfc062723c751e8b465ee728b)
Start importing Assets/Sprites/Dollhouse Sprites/decor.png using Guid(05c98e4994067d04887f904beb2e3d95) Importer(815301076,1909f56bfc062723c751e8b465ee728b)  -> (artifact id: '9e81d5d0103dce65cd8fd8f0c2f87f64') in 0.016547 seconds
  Import took 0.020211 seconds .

========================================================================
Received Import Request.
  Time since last request: 0.000263 seconds.
  path: Assets/Sprites/Dollhouse Sprites/carpet.png
  artifactKey: Guid(5df2dda90dda382489290f1b8205d738) Importer(815301076,1909f56bfc062723c751e8b465ee728b)
Start importing Assets/Sprites/Dollhouse Sprites/carpet.png using Guid(5df2dda90dda382489290f1b8205d738) Importer(815301076,1909f56bfc062723c751e8b465ee728b)  -> (artifact id: 'a9abc819eb232bc0d5ae8aa6ddf6b840') in 0.016783 seconds
  Import took 0.020592 seconds .

========================================================================
Received Import Request.
  Time since last request: 12.765154 seconds.
  path: Assets/Scenes/DemoScene.unity
  artifactKey: Guid(2cda990e2423bbf4892e6590ba056729) Importer(815301076,1909f56bfc062723c751e8b465ee728b)
Start importing Assets/Scenes/DemoScene.unity using Guid(2cda990e2423bbf4892e6590ba056729) Importer(815301076,1909f56bfc062723c751e8b465ee728b)  -> (artifact id: '24aefa929951b4002e0d04ea910db458') in 0.007059 seconds
  Import took 0.012005 seconds .

========================================================================
Received Import Request.
  Time since last request: 20.442765 seconds.
  path: Assets/Scripts/Library Level Folder/Sprites/background.png
  artifactKey: Guid(f9d8b0a9cac071745882282e886d7817) Importer(815301076,1909f56bfc062723c751e8b465ee728b)
Start importing Assets/Scripts/Library Level Folder/Sprites/background.png using Guid(f9d8b0a9cac071745882282e886d7817) Importer(815301076,1909f56bfc062723c751e8b465ee728b)  -> (artifact id: '6ef330c500356038e45b20a95d76604a') in 0.027206 seconds
  Import took 0.031004 seconds .

========================================================================
Received Import Request.
  Time since last request: 0.000307 seconds.
  path: Assets/Scripts/Library Level Folder/Sprites/kazoo book.png
  artifactKey: Guid(74d6ce18400b3b34d9d244f767affb6e) Importer(815301076,1909f56bfc062723c751e8b465ee728b)
Start importing Assets/Scripts/Library Level Folder/Sprites/kazoo book.png using Guid(74d6ce18400b3b34d9d244f767affb6e) Importer(815301076,1909f56bfc062723c751e8b465ee728b)  -> (artifact id: '2c94fdfdf089491d436d2595a01fcaf6') in 0.021123 seconds
  Import took 0.025284 seconds .

========================================================================
Received Import Request.
  Time since last request: 0.000320 seconds.
  path: Assets/Sprites/lion head 3 removed watermark.png
  artifactKey: Guid(efbd786f70eb3934abe43c11be84b067) Importer(815301076,1909f56bfc062723c751e8b465ee728b)
Start importing Assets/Sprites/lion head 3 removed watermark.png using Guid(efbd786f70eb3934abe43c11be84b067) Importer(815301076,1909f56bfc062723c751e8b465ee728b)  -> (artifact id: '070877ddf796af46aad3477bb84886ea') in 0.017825 seconds
  Import took 0.020975 seconds .

========================================================================
Received Import Request.
  Time since last request: 0.000346 seconds.
  path: Assets/Scripts/Library Level Folder/Sprites/locked book.png
  artifactKey: Guid(564ee57b7ebb11747a5f41957d9bdb13) Importer(815301076,1909f56bfc062723c751e8b465ee728b)
Start importing Assets/Scripts/Library Level Folder/Sprites/locked book.png using Guid(564ee57b7ebb11747a5f41957d9bdb13) Importer(815301076,1909f56bfc062723c751e8b465ee728b)  -> (artifact id: '6fc823eed49351a157addde6b5cb69bf') in 0.018541 seconds
  Import took 0.022040 seconds .

========================================================================
Received Import Request.
  Time since last request: 0.005145 seconds.
  path: Assets/Scripts/Library Level Folder/Sprites/locked book.png
  artifactKey: Guid(564ee57b7ebb11747a5f41957d9bdb13) Importer(815301076,1909f56bfc062723c751e8b465ee728b)
Start importing Assets/Scripts/Library Level Folder/Sprites/locked book.png using Guid(564ee57b7ebb11747a5f41957d9bdb13) Importer(815301076,1909f56bfc062723c751e8b465ee728b)  -> (artifact id: '6fc823eed49351a157addde6b5cb69bf') in 0.015760 seconds
  Import took 0.018933 seconds .

========================================================================
Received Import Request.
  Time since last request: 16.031956 seconds.
  path: Assets/Sprites/levels.png
  artifactKey: Guid(19983503c3f557a40bb6f677b08ec641) Importer(815301076,1909f56bfc062723c751e8b465ee728b)
Start importing Assets/Sprites/levels.png using Guid(19983503c3f557a40bb6f677b08ec641) Importer(815301076,1909f56bfc062723c751e8b465ee728b)  -> (artifact id: 'f33b43f03d3054c6c38c42dc3c47da26') in 0.023202 seconds
  Import took 0.028051 seconds .

========================================================================
Received Import Request.
  Time since last request: 0.000320 seconds.
  path: Assets/Sprites/lion body 2.png
  artifactKey: Guid(f16c8153f568529428a012ef392e814f) Importer(815301076,1909f56bfc062723c751e8b465ee728b)
Start importing Assets/Sprites/lion body 2.png using Guid(f16c8153f568529428a012ef392e814f) Importer(815301076,1909f56bfc062723c751e8b465ee728b)  -> (artifact id: 'b86d633c477cc24a44b6e0ebd75e7f0a') in 0.018216 seconds
  Import took 0.022723 seconds .

========================================================================
Received Import Request.
  Time since last request: 0.000202 seconds.
  path: Assets/Sprites/levels.png
  artifactKey: Guid(19983503c3f557a40bb6f677b08ec641) Importer(815301076,1909f56bfc062723c751e8b465ee728b)
Start importing Assets/Sprites/levels.png using Guid(19983503c3f557a40bb6f677b08ec641) Importer(815301076,1909f56bfc062723c751e8b465ee728b)  -> (artifact id: 'f33b43f03d3054c6c38c42dc3c47da26') in 0.016651 seconds
  Import took 0.021486 seconds .

========================================================================
Received Import Request.
  Time since last request: 0.000276 seconds.
  path: Assets/Sprites/lion body 2.png
  artifactKey: Guid(f16c8153f568529428a012ef392e814f) Importer(815301076,1909f56bfc062723c751e8b465ee728b)
Start importing Assets/Sprites/lion body 2.png using Guid(f16c8153f568529428a012ef392e814f) Importer(815301076,1909f56bfc062723c751e8b465ee728b)  -> (artifact id: 'b86d633c477cc24a44b6e0ebd75e7f0a') in 0.014469 seconds
  Import took 0.019277 seconds .

========================================================================
Received Import Request.
  Time since last request: 0.009429 seconds.
  path: Assets/Sprites/lion roar side.png
  artifactKey: Guid(0fea54e1683e83e4ab88a3102db33f65) Importer(815301076,1909f56bfc062723c751e8b465ee728b)
Start importing Assets/Sprites/lion roar side.png using Guid(0fea54e1683e83e4ab88a3102db33f65) Importer(815301076,1909f56bfc062723c751e8b465ee728b)  -> (artifact id: '38dfcc8f5b2494609e098f23952264eb') in 0.018596 seconds
  Import took 0.022804 seconds .

========================================================================
Received Import Request.
  Time since last request: 0.000251 seconds.
  path: Assets/Sprites/monkey maze.png
  artifactKey: Guid(99a32fd42312ed047b4f8d9b076d8a1c) Importer(815301076,1909f56bfc062723c751e8b465ee728b)
Start importing Assets/Sprites/monkey maze.png using Guid(99a32fd42312ed047b4f8d9b076d8a1c) Importer(815301076,1909f56bfc062723c751e8b465ee728b)  -> (artifact id: '54ecdb43014f65cd2b2b7e4fa9767ecf') in 0.016157 seconds
  Import took 0.020409 seconds .

========================================================================
Received Import Request.
  Time since last request: 0.000260 seconds.
  path: Assets/Sprites/lion roar.png
  artifactKey: Guid(602eeec514a3aa74c97aba8316bebc61) Importer(815301076,1909f56bfc062723c751e8b465ee728b)
Start importing Assets/Sprites/lion roar.png using Guid(602eeec514a3aa74c97aba8316bebc61) Importer(815301076,1909f56bfc062723c751e8b465ee728b)  -> (artifact id: 'f9c94b15686058bbf0f7eef5bc362a42') in 0.018382 seconds
  Import took 0.021632 seconds .

========================================================================
Received Import Request.
  Time since last request: 0.000267 seconds.
  path: Assets/Sprites/magician.png
  artifactKey: Guid(a032979b39b1c1446b1fdfaa49a4cacc) Importer(815301076,1909f56bfc062723c751e8b465ee728b)
Start importing Assets/Sprites/magician.png using Guid(a032979b39b1c1446b1fdfaa49a4cacc) Importer(815301076,1909f56bfc062723c751e8b465ee728b)  -> (artifact id: '94ecd75916aeb82d06949e81276cdac5') in 0.020764 seconds
  Import took 0.024466 seconds .

========================================================================
Received Import Request.
  Time since last request: 0.000291 seconds.
  path: Assets/Sprites/monkey maze solved.png
  artifactKey: Guid(7dffb42659e7b074ba0d5dd637886147) Importer(815301076,1909f56bfc062723c751e8b465ee728b)
Start importing Assets/Sprites/monkey maze solved.png using Guid(7dffb42659e7b074ba0d5dd637886147) Importer(815301076,1909f56bfc062723c751e8b465ee728b)  -> (artifact id: 'aa57985848eaf85f6a2f4a711eaeb266') in 0.016830 seconds
  Import took 0.020751 seconds .

========================================================================
Received Import Request.
  Time since last request: 0.000316 seconds.
  path: Assets/Sprites/lion roar straight.png
  artifactKey: Guid(35af23d012c9e1e4f8a25dbb30cb05fc) Importer(815301076,1909f56bfc062723c751e8b465ee728b)
Start importing Assets/Sprites/lion roar straight.png using Guid(35af23d012c9e1e4f8a25dbb30cb05fc) Importer(815301076,1909f56bfc062723c751e8b465ee728b)  -> (artifact id: '66f64662789366814a3bda72a8cbb4de') in 0.021171 seconds
  Import took 0.025569 seconds .

========================================================================
Received Import Request.
  Time since last request: 0.000280 seconds.
  path: Assets/Sprites/magician stage.png
  artifactKey: Guid(cc5bdbbac2eef2c40827f3d38f191148) Importer(815301076,1909f56bfc062723c751e8b465ee728b)
Start importing Assets/Sprites/magician stage.png using Guid(cc5bdbbac2eef2c40827f3d38f191148) Importer(815301076,1909f56bfc062723c751e8b465ee728b)  -> (artifact id: '2a66068a917856fa58afc6881a033248') in 0.019102 seconds
  Import took 0.022543 seconds .

========================================================================
Received Import Request.
  Time since last request: 0.000293 seconds.
  path: Assets/Sprites/lion straight.png
  artifactKey: Guid(daf04077983ed264babfebe01e225a8b) Importer(815301076,1909f56bfc062723c751e8b465ee728b)
Start importing Assets/Sprites/lion straight.png using Guid(daf04077983ed264babfebe01e225a8b) Importer(815301076,1909f56bfc062723c751e8b465ee728b)  -> (artifact id: 'f195015faffa9c3cb3d418a5f5a03f3d') in 0.018264 seconds
  Import took 0.022052 seconds .

========================================================================
Received Import Request.
  Time since last request: 1.889299 seconds.
  path: Assets/Sprites/Dollhouse Sprites
  artifactKey: Guid(afa39714b4bfd5140931a6e4cbb91059) Importer(815301076,1909f56bfc062723c751e8b465ee728b)
Start importing Assets/Sprites/Dollhouse Sprites using Guid(afa39714b4bfd5140931a6e4cbb91059) Importer(815301076,1909f56bfc062723c751e8b465ee728b)  -> (artifact id: 'f0b86d5efe3276533276548068da1867') in 0.007239 seconds
  Import took 0.011789 seconds .

========================================================================
Received Import Request.
  Time since last request: 15.921470 seconds.
  path: Assets/Scenes/Library Level Rhythm.unity
  artifactKey: Guid(32f663f4d642e7344853ae454317b4fb) Importer(815301076,1909f56bfc062723c751e8b465ee728b)
Start importing Assets/Scenes/Library Level Rhythm.unity using Guid(32f663f4d642e7344853ae454317b4fb) Importer(815301076,1909f56bfc062723c751e8b465ee728b)  -> (artifact id: '3ae673ddb6b63f1d00738460dfec9b44') in 0.005614 seconds
  Import took 0.009819 seconds .

========================================================================
Received Import Request.
  Time since last request: 11.452737 seconds.
  path: Assets/Scripts/Library Level Folder/Sprites/IMG_2855.PNG
  artifactKey: Guid(de617e6ac2b28dc47b37b9cad577de96) Importer(815301076,1909f56bfc062723c751e8b465ee728b)
Start importing Assets/Scripts/Library Level Folder/Sprites/IMG_2855.PNG using Guid(de617e6ac2b28dc47b37b9cad577de96) Importer(815301076,1909f56bfc062723c751e8b465ee728b)  -> (artifact id: 'c7f42a76607161e8f0a2314fc6dc360e') in 0.017112 seconds
  Import took 0.023700 seconds .

========================================================================
Received Import Request.
  Time since last request: 0.000395 seconds.
  path: Assets/Scripts/Library Level Folder/Sprites/IMG_2872.PNG
  artifactKey: Guid(a4885f5ea0182b447a17ed56c365cf06) Importer(815301076,1909f56bfc062723c751e8b465ee728b)
Start importing Assets/Scripts/Library Level Folder/Sprites/IMG_2872.PNG using Guid(a4885f5ea0182b447a17ed56c365cf06) Importer(815301076,1909f56bfc062723c751e8b465ee728b)  -> (artifact id: 'f4c815e8c04e43026be718ddb0b477be') in 0.020028 seconds
  Import took 0.024216 seconds .

========================================================================
Received Import Request.
  Time since last request: 0.000251 seconds.
  path: Assets/Scripts/Library Level Folder/Sprites/IMG_2874.PNG
  artifactKey: Guid(722ed2204c9177441a47ad5f5ed36780) Importer(815301076,1909f56bfc062723c751e8b465ee728b)
Start importing Assets/Scripts/Library Level Folder/Sprites/IMG_2874.PNG using Guid(722ed2204c9177441a47ad5f5ed36780) Importer(815301076,1909f56bfc062723c751e8b465ee728b)  -> (artifact id: '5d8f3c9d366e459a2ec0ecd85e8d69c5') in 0.023626 seconds
  Import took 0.027290 seconds .

========================================================================
Received Import Request.
  Time since last request: 0.000236 seconds.
  path: Assets/Scripts/Library Level Folder/Sprites/IMG_2875.PNG
  artifactKey: Guid(16422c8ed2704ff4d9bf3ce821ecf514) Importer(815301076,1909f56bfc062723c751e8b465ee728b)
Start importing Assets/Scripts/Library Level Folder/Sprites/IMG_2875.PNG using Guid(16422c8ed2704ff4d9bf3ce821ecf514) Importer(815301076,1909f56bfc062723c751e8b465ee728b)  -> (artifact id: 'c60c7a294be9e0ebf4aa7be48a99e972') in 0.014157 seconds
  Import took 0.017686 seconds .

========================================================================
Received Import Request.
  Time since last request: 0.000316 seconds.
  path: Assets/Scripts/Library Level Folder/Sprites/IMG_2878.PNG
  artifactKey: Guid(8738167d823117b4ea4cc66fbde0d73a) Importer(815301076,1909f56bfc062723c751e8b465ee728b)
Start importing Assets/Scripts/Library Level Folder/Sprites/IMG_2878.PNG using Guid(8738167d823117b4ea4cc66fbde0d73a) Importer(815301076,1909f56bfc062723c751e8b465ee728b)  -> (artifact id: '65ac4054df881a4ce1e2c831bd2b288a') in 0.014108 seconds
  Import took 0.017416 seconds .

========================================================================
Received Import Request.
  Time since last request: 0.000245 seconds.
  path: Assets/Scripts/Library Level Folder/Sprites/IMG_2861.PNG
  artifactKey: Guid(7128e8628d489a34a88895bbf10a206f) Importer(815301076,1909f56bfc062723c751e8b465ee728b)
Start importing Assets/Scripts/Library Level Folder/Sprites/IMG_2861.PNG using Guid(7128e8628d489a34a88895bbf10a206f) Importer(815301076,1909f56bfc062723c751e8b465ee728b)  -> (artifact id: '2807987b22a6c29a3b5471a539d48499') in 0.015007 seconds
  Import took 0.018279 seconds .

========================================================================
Received Import Request.
  Time since last request: 0.000205 seconds.
  path: Assets/Scripts/Library Level Folder/Sprites/IMG_2856.PNG
  artifactKey: Guid(44f77c1b465a8d6478fa1a360f8e0484) Importer(815301076,1909f56bfc062723c751e8b465ee728b)
Start importing Assets/Scripts/Library Level Folder/Sprites/IMG_2856.PNG using Guid(44f77c1b465a8d6478fa1a360f8e0484) Importer(815301076,1909f56bfc062723c751e8b465ee728b)  -> (artifact id: 'd186bc69d03657407b64a9701a6cee10') in 0.014677 seconds
  Import took 0.018263 seconds .

========================================================================
Received Import Request.
  Time since last request: 0.000219 seconds.
  path: Assets/Scripts/Library Level Folder/Sprites/IMG_2862.PNG
  artifactKey: Guid(f01d4c734967681409f838926e9179b7) Importer(815301076,1909f56bfc062723c751e8b465ee728b)
Start importing Assets/Scripts/Library Level Folder/Sprites/IMG_2862.PNG using Guid(f01d4c734967681409f838926e9179b7) Importer(815301076,1909f56bfc062723c751e8b465ee728b)  -> (artifact id: 'ae1c14cf208d25ed3af1877742231f08') in 0.015478 seconds
  Import took 0.019299 seconds .

========================================================================
Received Import Request.
  Time since last request: 0.000367 seconds.
  path: Assets/Scripts/Library Level Folder/Sprites/IMG_2856.PNG
  artifactKey: Guid(44f77c1b465a8d6478fa1a360f8e0484) Importer(815301076,1909f56bfc062723c751e8b465ee728b)
Start importing Assets/Scripts/Library Level Folder/Sprites/IMG_2856.PNG using Guid(44f77c1b465a8d6478fa1a360f8e0484) Importer(815301076,1909f56bfc062723c751e8b465ee728b)  -> (artifact id: 'd186bc69d03657407b64a9701a6cee10') in 0.009494 seconds
  Import took 0.013180 seconds .

========================================================================
Received Import Request.
  Time since last request: 0.000258 seconds.
  path: Assets/Scripts/Library Level Folder/Sprites/IMG_2873.PNG
  artifactKey: Guid(d965efe31a3e7e741a62362796ef350d) Importer(815301076,1909f56bfc062723c751e8b465ee728b)
Start importing Assets/Scripts/Library Level Folder/Sprites/IMG_2873.PNG using Guid(d965efe31a3e7e741a62362796ef350d) Importer(815301076,1909f56bfc062723c751e8b465ee728b)  -> (artifact id: '76e99cf2373a949970f7815ebf04a6e0') in 0.017842 seconds
  Import took 0.022060 seconds .

========================================================================
Received Import Request.
  Time since last request: 0.000375 seconds.
  path: Assets/Scripts/Library Level Folder/Sprites/IMG_2862.PNG
  artifactKey: Guid(f01d4c734967681409f838926e9179b7) Importer(815301076,1909f56bfc062723c751e8b465ee728b)
Start importing Assets/Scripts/Library Level Folder/Sprites/IMG_2862.PNG using Guid(f01d4c734967681409f838926e9179b7) Importer(815301076,1909f56bfc062723c751e8b465ee728b)  -> (artifact id: 'ae1c14cf208d25ed3af1877742231f08') in 0.014713 seconds
  Import took 0.018633 seconds .

========================================================================
Received Import Request.
  Time since last request: 0.000271 seconds.
  path: Assets/Scripts/Library Level Folder/Sprites/IMG_2873.PNG
  artifactKey: Guid(d965efe31a3e7e741a62362796ef350d) Importer(815301076,1909f56bfc062723c751e8b465ee728b)
Start importing Assets/Scripts/Library Level Folder/Sprites/IMG_2873.PNG using Guid(d965efe31a3e7e741a62362796ef350d) Importer(815301076,1909f56bfc062723c751e8b465ee728b)  -> (artifact id: '76e99cf2373a949970f7815ebf04a6e0') in 0.017667 seconds
  Import took 0.022295 seconds .

========================================================================
Received Import Request.
  Time since last request: 0.000327 seconds.
  path: Assets/Scripts/Library Level Folder/Sprites/IMG_2877.PNG
  artifactKey: Guid(4950ce4a65f63c142ac5c2410a3a26ab) Importer(815301076,1909f56bfc062723c751e8b465ee728b)
Start importing Assets/Scripts/Library Level Folder/Sprites/IMG_2877.PNG using Guid(4950ce4a65f63c142ac5c2410a3a26ab) Importer(815301076,1909f56bfc062723c751e8b465ee728b)  -> (artifact id: '169635bc65c6d3bc3a813099b20197d8') in 0.016299 seconds
  Import took 0.020136 seconds .

========================================================================
Received Import Request.
  Time since last request: 0.000218 seconds.
  path: Assets/Scripts/Library Level Folder/Sprites/IMG_2876.PNG
  artifactKey: Guid(b24f3b71e2f5d994dbb47983845a8bbe) Importer(815301076,1909f56bfc062723c751e8b465ee728b)
Start importing Assets/Scripts/Library Level Folder/Sprites/IMG_2876.PNG using Guid(b24f3b71e2f5d994dbb47983845a8bbe) Importer(815301076,1909f56bfc062723c751e8b465ee728b)  -> (artifact id: '05ea33e9eabc3342848efc0cf9b600fd') in 0.013923 seconds
  Import took 0.017339 seconds .

========================================================================
Received Import Request.
  Time since last request: 0.009857 seconds.
  path: Assets/Scripts/Library Level Folder/Sprites/IMG_2876.PNG
  artifactKey: Guid(b24f3b71e2f5d994dbb47983845a8bbe) Importer(815301076,1909f56bfc062723c751e8b465ee728b)
Start importing Assets/Scripts/Library Level Folder/Sprites/IMG_2876.PNG using Guid(b24f3b71e2f5d994dbb47983845a8bbe) Importer(815301076,1909f56bfc062723c751e8b465ee728b)  -> (artifact id: '05ea33e9eabc3342848efc0cf9b600fd') in 0.013388 seconds
  Import took 0.017483 seconds .

========================================================================
Received Import Request.
  Time since last request: 38.899001 seconds.
  path: Assets/Scenes/Dollhouse Rhythm.unity
  artifactKey: Guid(f1cb4e51c0cd75e4aa2780889c60c152) Importer(815301076,1909f56bfc062723c751e8b465ee728b)
Start importing Assets/Scenes/Dollhouse Rhythm.unity using Guid(f1cb4e51c0cd75e4aa2780889c60c152) Importer(815301076,1909f56bfc062723c751e8b465ee728b)  -> (artifact id: '53e30605cb3e8f2f7795094aa773948f') in 0.007858 seconds
  Import took 0.012629 seconds .

========================================================================
Received Import Request.
  Time since last request: 0.000571 seconds.
  path: Assets/Scenes/Dollhouse Rhythm.unity
  artifactKey: Guid(f1cb4e51c0cd75e4aa2780889c60c152) Importer(815301076,1909f56bfc062723c751e8b465ee728b)
Start importing Assets/Scenes/Dollhouse Rhythm.unity using Guid(f1cb4e51c0cd75e4aa2780889c60c152) Importer(815301076,1909f56bfc062723c751e8b465ee728b)  -> (artifact id: '53e30605cb3e8f2f7795094aa773948f') in 0.003170 seconds
  Import took 0.006518 seconds .

========================================================================
Received Import Request.
  Time since last request: 44.439191 seconds.
  path: Assets/Scenes/Dollhouse Rhythm.unity
  artifactKey: Guid(f1cb4e51c0cd75e4aa2780889c60c152) Importer(815301076,1909f56bfc062723c751e8b465ee728b)
Start importing Assets/Scenes/Dollhouse Rhythm.unity using Guid(f1cb4e51c0cd75e4aa2780889c60c152) Importer(815301076,1909f56bfc062723c751e8b465ee728b)  -> (artifact id: '7a0f443ff23d4ba2a94de51e071a14c9') in 0.003796 seconds
  Import took 0.008573 seconds .

========================================================================
Received Import Request.
  Time since last request: 19.022962 seconds.
  path: Assets/Scenes/Library Level Rhythm.unity
  artifactKey: Guid(32f663f4d642e7344853ae454317b4fb) Importer(815301076,1909f56bfc062723c751e8b465ee728b)
Start importing Assets/Scenes/Library Level Rhythm.unity using Guid(32f663f4d642e7344853ae454317b4fb) Importer(815301076,1909f56bfc062723c751e8b465ee728b)  -> (artifact id: '6e217c4214fd7a27834065e3cab8ea0b') in 0.003619 seconds
  Import took 0.007855 seconds .

========================================================================
Received Import Request.
  Time since last request: 11.387712 seconds.
  path: Assets/Scenes/Library Level Rhythm.unity
  artifactKey: Guid(32f663f4d642e7344853ae454317b4fb) Importer(815301076,1909f56bfc062723c751e8b465ee728b)
Start importing Assets/Scenes/Library Level Rhythm.unity using Guid(32f663f4d642e7344853ae454317b4fb) Importer(815301076,1909f56bfc062723c751e8b465ee728b)  -> (artifact id: 'ae806ee6ec1456bbc75dbaf60401f2b5') in 0.003630 seconds
  Import took 0.008352 seconds .

========================================================================
Received Import Request.
  Time since last request: 39.672785 seconds.
  path: Assets/Scenes/Circus Scene.unity
  artifactKey: Guid(c7b0910b4d6275649a0aaf343e3c2197) Importer(815301076,1909f56bfc062723c751e8b465ee728b)
Start importing Assets/Scenes/Circus Scene.unity using Guid(c7b0910b4d6275649a0aaf343e3c2197) Importer(815301076,1909f56bfc062723c751e8b465ee728b)  -> (artifact id: '3a39a8e6fc80ad815eba268d3a49b7df') in 0.008339 seconds
  Import took 0.012429 seconds .

========================================================================
Received Import Request.
  Time since last request: 32.587725 seconds.
  path: Assets/Scripts/Inventory Scripts/InventoryItemsManager.cs
  artifactKey: Guid(8c4a6d5c91ef05b4e934a5e7370dd880) Importer(815301076,1909f56bfc062723c751e8b465ee728b)
Start importing Assets/Scripts/Inventory Scripts/InventoryItemsManager.cs using Guid(8c4a6d5c91ef05b4e934a5e7370dd880) Importer(815301076,1909f56bfc062723c751e8b465ee728b)  -> (artifact id: 'b9a8e6d05996fe919ecc7028ef5966f2') in 0.008533 seconds
  Import took 0.013139 seconds .

========================================================================
Received Import Request.
  Time since last request: 0.015233 seconds.
  path: Assets/Scripts/Inventory Scripts/InventoryItemsManager.cs
  artifactKey: Guid(8c4a6d5c91ef05b4e934a5e7370dd880) Importer(815301076,1909f56bfc062723c751e8b465ee728b)
Start importing Assets/Scripts/Inventory Scripts/InventoryItemsManager.cs using Guid(8c4a6d5c91ef05b4e934a5e7370dd880) Importer(815301076,1909f56bfc062723c751e8b465ee728b)  -> (artifact id: 'b9a8e6d05996fe919ecc7028ef5966f2') in 0.004101 seconds
  Import took 0.008354 seconds .

========================================================================
Received Import Request.
  Time since last request: 64.097571 seconds.
  path: Assets/Scripts/Inventory Scripts/MoveToInventory.cs
  artifactKey: Guid(167958fda177fa440b4c6454e981b4f6) Importer(815301076,1909f56bfc062723c751e8b465ee728b)
Start importing Assets/Scripts/Inventory Scripts/MoveToInventory.cs using Guid(167958fda177fa440b4c6454e981b4f6) Importer(815301076,1909f56bfc062723c751e8b465ee728b)  -> (artifact id: '6511b5cfd7987c6efbde9f52d6759a09') in 0.008707 seconds
  Import took 0.013881 seconds .

========================================================================
Received Prepare
Registering precompiled user dll's ...
Registered in 0.001113 seconds.
Begin MonoManager ReloadAssembly
Native extension for WindowsStandalone target not found
Refreshing native plugins compatible for Editor in 0.59 ms, found 1 plugins.
Preloading 0 native plugins for Editor in 0.00 ms.
Mono: successfully reloaded assembly
- Completed reload, in  1.039 seconds
Platform modules already initialized, skipping
Refreshing native plugins compatible for Editor in 0.56 ms, found 1 plugins.
Preloading 0 native plugins for Editor in 0.00 ms.
Unloading 1894 Unused Serialized files (Serialized files now loaded: 0)
System memory in use before: 90.8 MB.
System memory in use after: 90.7 MB.

Unloading 12 unused Assets to reduce memory usage. Loaded Objects now: 2403.
Total: 2.728000 ms (FindLiveObjects: 0.462600 ms CreateObjectMapping: 0.106300 ms MarkObjects: 1.980000 ms  DeleteObjects: 0.177400 ms)

========================================================================
Received Prepare
Registering precompiled user dll's ...
Registered in 0.001178 seconds.
Begin MonoManager ReloadAssembly
Native extension for WindowsStandalone target not found
Refreshing native plugins compatible for Editor in 0.64 ms, found 1 plugins.
Preloading 0 native plugins for Editor in 0.00 ms.
Mono: successfully reloaded assembly
- Completed reload, in  1.095 seconds
Platform modules already initialized, skipping
Refreshing native plugins compatible for Editor in 0.56 ms, found 1 plugins.
Preloading 0 native plugins for Editor in 0.00 ms.
Unloading 1894 Unused Serialized files (Serialized files now loaded: 0)
System memory in use before: 90.8 MB.
System memory in use after: 90.8 MB.

Unloading 12 unused Assets to reduce memory usage. Loaded Objects now: 2407.
Total: 1.825000 ms (FindLiveObjects: 0.127300 ms CreateObjectMapping: 0.051100 ms MarkObjects: 1.532200 ms  DeleteObjects: 0.113400 ms)

========================================================================
Received Prepare
Registering precompiled user dll's ...
Registered in 0.001081 seconds.
Begin MonoManager ReloadAssembly
Native extension for WindowsStandalone target not found
Refreshing native plugins compatible for Editor in 0.80 ms, found 1 plugins.
Preloading 0 native plugins for Editor in 0.00 ms.
Mono: successfully reloaded assembly
- Completed reload, in  1.110 seconds
Platform modules already initialized, skipping
Refreshing native plugins compatible for Editor in 0.41 ms, found 1 plugins.
Preloading 0 native plugins for Editor in 0.00 ms.
Unloading 1894 Unused Serialized files (Serialized files now loaded: 0)
System memory in use before: 90.8 MB.
System memory in use after: 90.8 MB.

Unloading 12 unused Assets to reduce memory usage. Loaded Objects now: 2411.
Total: 2.244900 ms (FindLiveObjects: 0.333500 ms CreateObjectMapping: 0.101700 ms MarkObjects: 1.675100 ms  DeleteObjects: 0.132800 ms)

========================================================================
Received Prepare
Registering precompiled user dll's ...
Registered in 0.002875 seconds.
Begin MonoManager ReloadAssembly
Native extension for WindowsStandalone target not found
Refreshing native plugins compatible for Editor in 0.74 ms, found 1 plugins.
Preloading 0 native plugins for Editor in 0.00 ms.
Mono: successfully reloaded assembly
- Completed reload, in  1.601 seconds
Platform modules already initialized, skipping
Refreshing native plugins compatible for Editor in 0.83 ms, found 1 plugins.
Preloading 0 native plugins for Editor in 0.00 ms.
Unloading 1894 Unused Serialized files (Serialized files now loaded: 0)
System memory in use before: 90.8 MB.
System memory in use after: 90.8 MB.

Unloading 12 unused Assets to reduce memory usage. Loaded Objects now: 2415.
Total: 3.434700 ms (FindLiveObjects: 0.364200 ms CreateObjectMapping: 0.169500 ms MarkObjects: 2.745300 ms  DeleteObjects: 0.153900 ms)

========================================================================
Received Prepare
Registering precompiled user dll's ...
Registered in 0.125469 seconds.
Begin MonoManager ReloadAssembly
Native extension for WindowsStandalone target not found
Refreshing native plugins compatible for Editor in 0.53 ms, found 1 plugins.
Preloading 0 native plugins for Editor in 0.00 ms.
Mono: successfully reloaded assembly
- Completed reload, in  1.294 seconds
Platform modules already initialized, skipping
Refreshing native plugins compatible for Editor in 0.77 ms, found 1 plugins.
Preloading 0 native plugins for Editor in 0.00 ms.
Unloading 1894 Unused Serialized files (Serialized files now loaded: 0)
System memory in use before: 90.8 MB.
System memory in use after: 90.8 MB.

Unloading 12 unused Assets to reduce memory usage. Loaded Objects now: 2419.
Total: 2.567500 ms (FindLiveObjects: 0.365200 ms CreateObjectMapping: 0.126000 ms MarkObjects: 1.948900 ms  DeleteObjects: 0.125600 ms)

========================================================================
Received Prepare
Registering precompiled user dll's ...
Registered in 0.001717 seconds.
Begin MonoManager ReloadAssembly
Native extension for WindowsStandalone target not found
Refreshing native plugins compatible for Editor in 0.44 ms, found 1 plugins.
Preloading 0 native plugins for Editor in 0.00 ms.
Mono: successfully reloaded assembly
- Completed reload, in  1.194 seconds
Platform modules already initialized, skipping
Refreshing native plugins compatible for Editor in 0.55 ms, found 1 plugins.
Preloading 0 native plugins for Editor in 0.00 ms.
Unloading 1894 Unused Serialized files (Serialized files now loaded: 0)
System memory in use before: 90.8 MB.
System memory in use after: 90.8 MB.

Unloading 12 unused Assets to reduce memory usage. Loaded Objects now: 2423.
Total: 2.036400 ms (FindLiveObjects: 0.142100 ms CreateObjectMapping: 0.041700 ms MarkObjects: 1.753500 ms  DeleteObjects: 0.098200 ms)

AssetImportWorkerClient::OnTransportError - code=2 error=End of file
